Determining if the pthread_create exist failed with the following output:
Change Dir: /root/Documents/my-program/internet-video-audio/libraries/client-capturer/platform/rockchip-rk3399pro/mpp/CMakeFiles/CMakeTmp

Run Build Command:"/usr/bin/make" "cmTC_ebe12/fast"
/usr/bin/make -f CMakeFiles/cmTC_ebe12.dir/build.make CMakeFiles/cmTC_ebe12.dir/build
make[1]: Entering directory '/root/Documents/my-program/internet-video-audio/libraries/client-capturer/platform/rockchip-rk3399pro/mpp/CMakeFiles/CMakeTmp'
Building C object CMakeFiles/cmTC_ebe12.dir/CheckSymbolExists.c.o
/usr/bin/cc    -o CMakeFiles/cmTC_ebe12.dir/CheckSymbolExists.c.o   -c /root/Documents/my-program/internet-video-audio/libraries/client-capturer/platform/rockchip-rk3399pro/mpp/CMakeFiles/CMakeTmp/CheckSymbolExists.c
Linking C executable cmTC_ebe12
/usr/bin/cmake -E cmake_link_script CMakeFiles/cmTC_ebe12.dir/link.txt --verbose=1
/usr/bin/cc      -rdynamic CMakeFiles/cmTC_ebe12.dir/CheckSymbolExists.c.o  -o cmTC_ebe12 
CMakeFiles/cmTC_ebe12.dir/CheckSymbolExists.c.o: In function `main':
CheckSymbolExists.c:(.text+0x1b): undefined reference to `pthread_create'
collect2: error: ld returned 1 exit status
CMakeFiles/cmTC_ebe12.dir/build.make:97: recipe for target 'cmTC_ebe12' failed
make[1]: *** [cmTC_ebe12] Error 1
make[1]: Leaving directory '/root/Documents/my-program/internet-video-audio/libraries/client-capturer/platform/rockchip-rk3399pro/mpp/CMakeFiles/CMakeTmp'
Makefile:126: recipe for target 'cmTC_ebe12/fast' failed
make: *** [cmTC_ebe12/fast] Error 2

File /root/Documents/my-program/internet-video-audio/libraries/client-capturer/platform/rockchip-rk3399pro/mpp/CMakeFiles/CMakeTmp/CheckSymbolExists.c:
/* */
#include <pthread.h>

int main(int argc, char** argv)
{
  (void)argv;
#ifndef pthread_create
  return ((int*)(&pthread_create))[argc];
#else
  (void)argc;
  return 0;
#endif
}

Determining if the function pthread_create exists in the pthreads failed with the following output:
Change Dir: /root/Documents/my-program/internet-video-audio/libraries/client-capturer/platform/rockchip-rk3399pro/mpp/CMakeFiles/CMakeTmp

Run Build Command:"/usr/bin/make" "cmTC_73476/fast"
/usr/bin/make -f CMakeFiles/cmTC_73476.dir/build.make CMakeFiles/cmTC_73476.dir/build
make[1]: Entering directory '/root/Documents/my-program/internet-video-audio/libraries/client-capturer/platform/rockchip-rk3399pro/mpp/CMakeFiles/CMakeTmp'
Building C object CMakeFiles/cmTC_73476.dir/CheckFunctionExists.c.o
/usr/bin/cc   -DCHECK_FUNCTION_EXISTS=pthread_create   -o CMakeFiles/cmTC_73476.dir/CheckFunctionExists.c.o   -c /usr/share/cmake-3.10/Modules/CheckFunctionExists.c
Linking C executable cmTC_73476
/usr/bin/cmake -E cmake_link_script CMakeFiles/cmTC_73476.dir/link.txt --verbose=1
/usr/bin/cc  -DCHECK_FUNCTION_EXISTS=pthread_create    -rdynamic CMakeFiles/cmTC_73476.dir/CheckFunctionExists.c.o  -o cmTC_73476 -lpthreads 
/usr/bin/ld: cannot find -lpthreads
collect2: error: ld returned 1 exit status
CMakeFiles/cmTC_73476.dir/build.make:97: recipe for target 'cmTC_73476' failed
make[1]: *** [cmTC_73476] Error 1
make[1]: Leaving directory '/root/Documents/my-program/internet-video-audio/libraries/client-capturer/platform/rockchip-rk3399pro/mpp/CMakeFiles/CMakeTmp'
Makefile:126: recipe for target 'cmTC_73476/fast' failed
make: *** [cmTC_73476/fast] Error 2


